<?xml version="1.0" encoding="UTF-8"?>
<testsuite name="com.apptolast.organization.adapter.IntegrationOpenApiTest" tests="3" skipped="0" failures="0" errors="0" timestamp="2026-09-08T15:05:43.217Z" hostname="PABLOHGDEV87" time="0.774">
  <properties/>
  <testcase name="s32_documentListsExactlyTheEighteenAllowedOperationsAndScopes()" classname="com.apptolast.organization.adapter.IntegrationOpenApiTest" time="0.013"/>
  <testcase name="s32_writesDescribeClosedBodiesAndExistingEditPrecondition()" classname="com.apptolast.organization.adapter.IntegrationOpenApiTest" time="0.008"/>
  <testcase name="s32_humanSessionCanReadVersionedBearerDescription()" classname="com.apptolast.organization.adapter.IntegrationOpenApiTest" time="0.008"/>
  <system-out><![CDATA[2026-09-08T17:05:43.218+02:00  INFO 7072 --- [organization-api] [    Test worker] t.c.s.AnnotationConfigContextLoaderUtils : Could not detect default configuration classes for test class [com.apptolast.organization.adapter.IntegrationOpenApiTest]: IntegrationOpenApiTest does not declare any static, non-private, non-final, nested classes annotated with @Configuration.
2026-09-08T17:05:43.227+02:00  INFO 7072 --- [organization-api] [    Test worker] .b.t.c.SpringBootTestContextBootstrapper : Found @SpringBootConfiguration com.apptolast.organization.OrganizationApplication for test class com.apptolast.organization.adapter.IntegrationOpenApiTest

  .   ____          _            __ _ _
 /\\ / ___'_ __ _ _(_)_ __  __ _ \ \ \ \
( ( )\___ | '_ | '_| | '_ \/ _` | \ \ \ \
 \\/  ___)| |_)| | | | | || (_| |  ) ) ) )
  '  |____| .__|_| |_|_| |_\__, | / / / /
 =========|_|==============|___/=/_/_/_/

 :: Spring Boot ::               (v3.5.11)

2026-09-08T17:05:43.266+02:00  INFO 7072 --- [organization-api] [    Test worker] c.a.o.adapter.IntegrationOpenApiTest     : Starting IntegrationOpenApiTest using Java 25.0.1 with PID 7072 (started by vhurt in C:\Users\vhurt\Documents\Codex\2026-09-05\a-ver-necesito-o-me-gustar\work\OrganizacionWeb-integration-http\backend)
2026-09-08T17:05:43.266+02:00  INFO 7072 --- [organization-api] [    Test worker] c.a.o.adapter.IntegrationOpenApiTest     : No active profile set, falling back to 1 default profile: "default"
2026-09-08T17:05:43.888+02:00  INFO 7072 --- [organization-api] [    Test worker] r$InitializeUserDetailsManagerConfigurer : Global AuthenticationManager configured with UserDetailsService bean with name users
2026-09-08T17:05:43.957+02:00  INFO 7072 --- [organization-api] [    Test worker] o.s.b.t.m.w.SpringBootMockServletContext : Initializing Spring TestDispatcherServlet ''
2026-09-08T17:05:43.957+02:00  INFO 7072 --- [organization-api] [    Test worker] o.s.t.web.servlet.TestDispatcherServlet  : Initializing Servlet ''
2026-09-08T17:05:43.957+02:00  INFO 7072 --- [organization-api] [    Test worker] o.s.t.web.servlet.TestDispatcherServlet  : Completed initialization in 0 ms
2026-09-08T17:05:43.959+02:00  INFO 7072 --- [organization-api] [    Test worker] c.a.o.adapter.IntegrationOpenApiTest     : Started IntegrationOpenApiTest in 0.728 seconds (process running for 13.716)
]]></system-out>
  <system-err><![CDATA[]]></system-err>
</testsuite>
