<?xml version="1.0" encoding="UTF-8"?>
<testsuite name="com.apptolast.organization.adapter.ApiCredentialBearerAdmissionTest" tests="18" skipped="0" failures="0" errors="0" timestamp="2026-09-08T15:05:36.301Z" hostname="PABLOHGDEV87" time="0.126">
  <properties/>
  <testcase name="[1] method=GET, path=/api/v1/projects, scope=projects:read" classname="com.apptolast.organization.adapter.ApiCredentialBearerAdmissionTest" time="0.097"/>
  <testcase name="[2] method=POST, path=/api/v1/projects, scope=projects:write" classname="com.apptolast.organization.adapter.ApiCredentialBearerAdmissionTest" time="0.002"/>
  <testcase name="[3] method=GET, path=/api/v1/projects/p, scope=projects:read" classname="com.apptolast.organization.adapter.ApiCredentialBearerAdmissionTest" time="0.001"/>
  <testcase name="[4] method=PUT, path=/api/v1/projects/p, scope=projects:write" classname="com.apptolast.organization.adapter.ApiCredentialBearerAdmissionTest" time="0.0"/>
  <testcase name="[5] method=GET, path=/api/v1/projects/p/tasks, scope=tasks:read" classname="com.apptolast.organization.adapter.ApiCredentialBearerAdmissionTest" time="0.001"/>
  <testcase name="[6] method=POST, path=/api/v1/projects/p/tasks, scope=tasks:write" classname="com.apptolast.organization.adapter.ApiCredentialBearerAdmissionTest" time="0.001"/>
  <testcase name="[7] method=GET, path=/api/v1/projects/p/tasks/t, scope=tasks:read" classname="com.apptolast.organization.adapter.ApiCredentialBearerAdmissionTest" time="0.002"/>
  <testcase name="[8] method=GET, path=/api/v1/projects/p/tasks/t/status, scope=tasks:read" classname="com.apptolast.organization.adapter.ApiCredentialBearerAdmissionTest" time="0.002"/>
  <testcase name="[9] method=GET, path=/api/v1/projects/p/tasks/t/parent, scope=tasks:read" classname="com.apptolast.organization.adapter.ApiCredentialBearerAdmissionTest" time="0.001"/>
  <testcase name="[10] method=GET, path=/api/v1/projects/p/tasks/t/subtasks, scope=tasks:read" classname="com.apptolast.organization.adapter.ApiCredentialBearerAdmissionTest" time="0.001"/>
  <testcase name="[11] method=GET, path=/api/v1/today, scope=agenda:read" classname="com.apptolast.organization.adapter.ApiCredentialBearerAdmissionTest" time="0.001"/>
  <testcase name="[12] method=GET, path=/api/v1/projects/p/tasks/t/blocks, scope=agenda:read" classname="com.apptolast.organization.adapter.ApiCredentialBearerAdmissionTest" time="0.001"/>
  <testcase name="[13] method=GET, path=/api/v1/projects/p/tasks/t/blocks/b, scope=agenda:read" classname="com.apptolast.organization.adapter.ApiCredentialBearerAdmissionTest" time="0.002"/>
  <testcase name="[14] method=GET, path=/api/v1/projects/p/tasks/t/blocks/b/state, scope=agenda:read" classname="com.apptolast.organization.adapter.ApiCredentialBearerAdmissionTest" time="0.001"/>
  <testcase name="[15] method=GET, path=/api/v1/projects/p/tasks/t/blocks/by-request/r, scope=agenda:read" classname="com.apptolast.organization.adapter.ApiCredentialBearerAdmissionTest" time="0.001"/>
  <testcase name="[16] method=GET, path=/api/v1/history, scope=history:read" classname="com.apptolast.organization.adapter.ApiCredentialBearerAdmissionTest" time="0.0"/>
  <testcase name="[17] method=GET, path=/api/v1/weekly-review, scope=history:read" classname="com.apptolast.organization.adapter.ApiCredentialBearerAdmissionTest" time="0.0"/>
  <testcase name="[18] method=GET, path=/api/v1/projects/p/tasks/t/history, scope=history:read" classname="com.apptolast.organization.adapter.ApiCredentialBearerAdmissionTest" time="0.001"/>
  <system-out><![CDATA[]]></system-out>
  <system-err><![CDATA[]]></system-err>
</testsuite>
