<?xml version="1.0" encoding="UTF-8"?>
<testsuite name="com.apptolast.organization.adapter.ApiCredentialBearerTest" tests="50" skipped="0" failures="0" errors="0" timestamp="2026-09-08T15:05:36.427Z" hostname="PABLOHGDEV87" time="0.763">
  <properties/>
  <testcase name="s19_bearerAuthenticatesAdmitsThenReadsAsOwnerWithoutCookie()" classname="com.apptolast.organization.adapter.ApiCredentialBearerTest" time="0.016"/>
  <testcase name="s32_openApiAuthenticatesWithoutScopesOrQuota()" classname="com.apptolast.organization.adapter.ApiCredentialBearerTest" time="0.008"/>
  <testcase name="[1] valid=true" classname="com.apptolast.organization.adapter.ApiCredentialBearerTest" time="0.01"/>
  <testcase name="[2] valid=false" classname="com.apptolast.organization.adapter.ApiCredentialBearerTest" time="0.002"/>
  <testcase name="[1] method=GET, path=/api/v1/projects" classname="com.apptolast.organization.adapter.ApiCredentialBearerTest" time="0.004"/>
  <testcase name="[2] method=POST, path=/api/v1/projects" classname="com.apptolast.organization.adapter.ApiCredentialBearerTest" time="0.003"/>
  <testcase name="[3] method=GET, path=/api/v1/projects/p" classname="com.apptolast.organization.adapter.ApiCredentialBearerTest" time="0.003"/>
  <testcase name="[4] method=PUT, path=/api/v1/projects/p" classname="com.apptolast.organization.adapter.ApiCredentialBearerTest" time="0.002"/>
  <testcase name="[5] method=GET, path=/api/v1/projects/p/tasks" classname="com.apptolast.organization.adapter.ApiCredentialBearerTest" time="0.001"/>
  <testcase name="[6] method=POST, path=/api/v1/projects/p/tasks" classname="com.apptolast.organization.adapter.ApiCredentialBearerTest" time="0.002"/>
  <testcase name="[7] method=GET, path=/api/v1/projects/p/tasks/t" classname="com.apptolast.organization.adapter.ApiCredentialBearerTest" time="0.002"/>
  <testcase name="[8] method=GET, path=/api/v1/projects/p/tasks/t/status" classname="com.apptolast.organization.adapter.ApiCredentialBearerTest" time="0.004"/>
  <testcase name="[9] method=GET, path=/api/v1/projects/p/tasks/t/parent" classname="com.apptolast.organization.adapter.ApiCredentialBearerTest" time="0.005"/>
  <testcase name="[10] method=GET, path=/api/v1/projects/p/tasks/t/subtasks" classname="com.apptolast.organization.adapter.ApiCredentialBearerTest" time="0.003"/>
  <testcase name="[11] method=GET, path=/api/v1/today" classname="com.apptolast.organization.adapter.ApiCredentialBearerTest" time="0.004"/>
  <testcase name="[12] method=GET, path=/api/v1/projects/p/tasks/t/blocks" classname="com.apptolast.organization.adapter.ApiCredentialBearerTest" time="0.003"/>
  <testcase name="[13] method=GET, path=/api/v1/projects/p/tasks/t/blocks/b" classname="com.apptolast.organization.adapter.ApiCredentialBearerTest" time="0.003"/>
  <testcase name="[14] method=GET, path=/api/v1/projects/p/tasks/t/blocks/b/state" classname="com.apptolast.organization.adapter.ApiCredentialBearerTest" time="0.004"/>
  <testcase name="[15] method=GET, path=/api/v1/projects/p/tasks/t/blocks/by-request/r" classname="com.apptolast.organization.adapter.ApiCredentialBearerTest" time="0.006"/>
  <testcase name="[16] method=GET, path=/api/v1/history" classname="com.apptolast.organization.adapter.ApiCredentialBearerTest" time="0.002"/>
  <testcase name="[17] method=GET, path=/api/v1/weekly-review" classname="com.apptolast.organization.adapter.ApiCredentialBearerTest" time="0.001"/>
  <testcase name="[18] method=GET, path=/api/v1/projects/p/tasks/t/history" classname="com.apptolast.organization.adapter.ApiCredentialBearerTest" time="0.001"/>
  <testcase name="[1] method=HEAD, path=/api/v1/projects" classname="com.apptolast.organization.adapter.ApiCredentialBearerTest" time="0.002"/>
  <testcase name="[2] method=OPTIONS, path=/api/v1/projects" classname="com.apptolast.organization.adapter.ApiCredentialBearerTest" time="0.001"/>
  <testcase name="[3] method=DELETE, path=/api/v1/projects/p" classname="com.apptolast.organization.adapter.ApiCredentialBearerTest" time="0.002"/>
  <testcase name="[4] method=PUT, path=/api/v1/projects/p/status" classname="com.apptolast.organization.adapter.ApiCredentialBearerTest" time="0.002"/>
  <testcase name="[5] method=PUT, path=/api/v1/projects/p/tasks/t/status" classname="com.apptolast.organization.adapter.ApiCredentialBearerTest" time="0.002"/>
  <testcase name="[6] method=POST, path=/api/v1/projects/p/tasks/t/subtasks" classname="com.apptolast.organization.adapter.ApiCredentialBearerTest" time="0.002"/>
  <testcase name="[7] method=GET, path=/api/v1/me/export" classname="com.apptolast.organization.adapter.ApiCredentialBearerTest" time="0.004"/>
  <testcase name="[8] method=POST, path=/api/v1/me/import/preview" classname="com.apptolast.organization.adapter.ApiCredentialBearerTest" time="0.002"/>
  <testcase name="[9] method=GET, path=/api/v1/me/api-credentials" classname="com.apptolast.organization.adapter.ApiCredentialBearerTest" time="0.003"/>
  <testcase name="[10] method=GET, path=/api/session" classname="com.apptolast.organization.adapter.ApiCredentialBearerTest" time="0.001"/>
  <testcase name="[11] method=POST, path=/api/session" classname="com.apptolast.organization.adapter.ApiCredentialBearerTest" time="0.001"/>
  <testcase name="[12] method=POST, path=/api/session/logout" classname="com.apptolast.organization.adapter.ApiCredentialBearerTest" time="0.001"/>
  <testcase name="[13] method=GET, path=/api/v1/not-allowed" classname="com.apptolast.organization.adapter.ApiCredentialBearerTest" time="0.001"/>
  <testcase name="[14] method=HEAD, path=/api/v1/integration-openapi.json" classname="com.apptolast.organization.adapter.ApiCredentialBearerTest" time="0.001"/>
  <testcase name="[15] method=GET, path=/api/v1/projects/" classname="com.apptolast.organization.adapter.ApiCredentialBearerTest" time="0.0"/>
  <testcase name="[16] method=GET, path=/api/v1/projects/p/tasks/" classname="com.apptolast.organization.adapter.ApiCredentialBearerTest" time="0.001"/>
  <testcase name="[1] header=" classname="com.apptolast.organization.adapter.ApiCredentialBearerTest" time="0.002"/>
  <testcase name="[2] header=Basic abc" classname="com.apptolast.organization.adapter.ApiCredentialBearerTest" time="0.002"/>
  <testcase name="[3] header=Bearer" classname="com.apptolast.organization.adapter.ApiCredentialBearerTest" time="0.001"/>
  <testcase name="[4] header=Bearer  abc" classname="com.apptolast.organization.adapter.ApiCredentialBearerTest" time="0.002"/>
  <testcase name="[5] header=Bearer abc,def" classname="com.apptolast.organization.adapter.ApiCredentialBearerTest" time="0.002"/>
  <testcase name="[6] header=Bearer invalid" classname="com.apptolast.organization.adapter.ApiCredentialBearerTest" time="0.001"/>
  <testcase name="s20_duplicateAuthorizationIsRejectedBeforeAuthentication()" classname="com.apptolast.organization.adapter.ApiCredentialBearerTest" time="0.001"/>
  <testcase name="[1] stage=authenticate, status=503, code=STORAGE_UNAVAILABLE" classname="com.apptolast.organization.adapter.ApiCredentialBearerTest" time="0.002"/>
  <testcase name="[2] stage=quota, status=503, code=STORAGE_UNAVAILABLE" classname="com.apptolast.organization.adapter.ApiCredentialBearerTest" time="0.003"/>
  <testcase name="[3] stage=limited, status=429, code=API_RATE_LIMITED" classname="com.apptolast.organization.adapter.ApiCredentialBearerTest" time="0.001"/>
  <testcase name="[4] stage=revoked, status=401, code=API_UNAUTHENTICATED" classname="com.apptolast.organization.adapter.ApiCredentialBearerTest" time="0.001"/>
  <testcase name="s20_realSessionFilterDoesNotConsultCookieOrCreateSessionForBearer()" classname="com.apptolast.organization.adapter.ApiCredentialBearerTest" time="0.002"/>
  <system-out><![CDATA[2026-09-08T17:05:36.428+02:00  INFO 7072 --- [organization-api] [    Test worker] t.c.s.AnnotationConfigContextLoaderUtils : Could not detect default configuration classes for test class [com.apptolast.organization.adapter.ApiCredentialBearerTest]: ApiCredentialBearerTest does not declare any static, non-private, non-final, nested classes annotated with @Configuration.
2026-09-08T17:05:36.439+02:00  INFO 7072 --- [organization-api] [    Test worker] .b.t.c.SpringBootTestContextBootstrapper : Found @SpringBootConfiguration com.apptolast.organization.OrganizationApplication for test class com.apptolast.organization.adapter.ApiCredentialBearerTest

  .   ____          _            __ _ _
 /\\ / ___'_ __ _ _(_)_ __  __ _ \ \ \ \
( ( )\___ | '_ | '_| | '_ \/ _` | \ \ \ \
 \\/  ___)| |_)| | | | | || (_| |  ) ) ) )
  '  |____| .__|_| |_|_| |_\__, | / / / /
 =========|_|==============|___/=/_/_/_/

 :: Spring Boot ::               (v3.5.11)

2026-09-08T17:05:36.467+02:00  INFO 7072 --- [organization-api] [    Test worker] c.a.o.adapter.ApiCredentialBearerTest    : Starting ApiCredentialBearerTest using Java 25.0.1 with PID 7072 (started by vhurt in C:\Users\vhurt\Documents\Codex\2026-09-05\a-ver-necesito-o-me-gustar\work\OrganizacionWeb-integration-http\backend)
2026-09-08T17:05:36.468+02:00  INFO 7072 --- [organization-api] [    Test worker] c.a.o.adapter.ApiCredentialBearerTest    : No active profile set, falling back to 1 default profile: "default"
2026-09-08T17:05:36.957+02:00  INFO 7072 --- [organization-api] [    Test worker] r$InitializeUserDetailsManagerConfigurer : Global AuthenticationManager configured with UserDetailsService bean with name users
2026-09-08T17:05:37.009+02:00  INFO 7072 --- [organization-api] [    Test worker] o.s.b.t.m.w.SpringBootMockServletContext : Initializing Spring TestDispatcherServlet ''
2026-09-08T17:05:37.010+02:00  INFO 7072 --- [organization-api] [    Test worker] o.s.t.web.servlet.TestDispatcherServlet  : Initializing Servlet ''
2026-09-08T17:05:37.010+02:00  INFO 7072 --- [organization-api] [    Test worker] o.s.t.web.servlet.TestDispatcherServlet  : Completed initialization in 0 ms
2026-09-08T17:05:37.015+02:00  INFO 7072 --- [organization-api] [    Test worker] c.a.o.adapter.ApiCredentialBearerTest    : Started ApiCredentialBearerTest in 0.573 seconds (process running for 6.771)
]]></system-out>
  <system-err><![CDATA[]]></system-err>
</testsuite>
