<?xml version="1.0" encoding="UTF-8"?>
<testsuite name="com.apptolast.organization.adapter.ApiCredentialSessionIsolationTest" tests="6" skipped="0" failures="0" errors="0" timestamp="2026-09-08T15:05:43.199Z" hostname="PABLOHGDEV87" time="0.015">
  <properties/>
  <testcase name="[1] bearer=false, action=set" classname="com.apptolast.organization.adapter.ApiCredentialSessionIsolationTest" time="0.004"/>
  <testcase name="[2] bearer=false, action=expire" classname="com.apptolast.organization.adapter.ApiCredentialSessionIsolationTest" time="0.001"/>
  <testcase name="[3] bearer=true, action=set" classname="com.apptolast.organization.adapter.ApiCredentialSessionIsolationTest" time="0.001"/>
  <testcase name="[4] bearer=true, action=expire" classname="com.apptolast.organization.adapter.ApiCredentialSessionIsolationTest" time="0.001"/>
  <testcase name="s18_cookieOnlyRequestRetainsExistingSessionIdentity()" classname="com.apptolast.organization.adapter.ApiCredentialSessionIsolationTest" time="0.003"/>
  <testcase name="s20_authorizationPreventsSessionLookupEvenWhenDownstreamAsksForExistingSession()" classname="com.apptolast.organization.adapter.ApiCredentialSessionIsolationTest" time="0.002"/>
  <system-out><![CDATA[]]></system-out>
  <system-err><![CDATA[]]></system-err>
</testsuite>
