<?xml version="1.0" encoding="UTF-8"?>
<testsuite name="com.apptolast.organization.adapter.ApiCredentialHttpPersistenceTest" tests="9" skipped="0" failures="0" errors="0" timestamp="2026-09-08T15:05:37.192Z" hostname="PABLOHGDEV87" time="6.005">
  <properties/>
  <testcase name="s21_defaultFrameworkLogoutCannotBypassBearerAuthentication()" classname="com.apptolast.organization.adapter.ApiCredentialHttpPersistenceTest" time="0.038"/>
  <testcase name="s21_bearerLogoutIsDeniedWithoutChangingCookieSessionAndCookieLogoutStillWorks()" classname="com.apptolast.organization.adapter.ApiCredentialHttpPersistenceTest" time="0.347"/>
  <testcase name="s17_s20_realTokenStorageFailureIsNotSessionFailureOrCookieFallback()" classname="com.apptolast.organization.adapter.ApiCredentialHttpPersistenceTest" time="0.03"/>
  <testcase name="[1] state=invalid" classname="com.apptolast.organization.adapter.ApiCredentialHttpPersistenceTest" time="0.023"/>
  <testcase name="[2] state=revoked" classname="com.apptolast.organization.adapter.ApiCredentialHttpPersistenceTest" time="0.023"/>
  <testcase name="[3] state=disabled" classname="com.apptolast.organization.adapter.ApiCredentialHttpPersistenceTest" time="0.018"/>
  <testcase name="[4] state=orphan" classname="com.apptolast.organization.adapter.ApiCredentialHttpPersistenceTest" time="0.02"/>
  <testcase name="s19_s26_s32_realBearerWritesWithoutCsrfThenOpenApiAndRevocationDoNotConsume()" classname="com.apptolast.organization.adapter.ApiCredentialHttpPersistenceTest" time="0.069"/>
  <testcase name="s1_s19_s20_realSessionCreatesCredentialThenBearerAdmitsWithoutSessionAccess()" classname="com.apptolast.organization.adapter.ApiCredentialHttpPersistenceTest" time="0.102"/>
  <system-out><![CDATA[2026-09-08T17:05:37.194+02:00  INFO 7072 --- [organization-api] [    Test worker] t.c.s.AnnotationConfigContextLoaderUtils : Could not detect default configuration classes for test class [com.apptolast.organization.adapter.ApiCredentialHttpPersistenceTest]: ApiCredentialHttpPersistenceTest does not declare any static, non-private, non-final, nested classes annotated with @Configuration.
2026-09-08T17:05:37.196+02:00  INFO 7072 --- [organization-api] [    Test worker] .b.t.c.SpringBootTestContextBootstrapper : Found @SpringBootConfiguration com.apptolast.organization.OrganizationApplication for test class com.apptolast.organization.adapter.ApiCredentialHttpPersistenceTest

  .   ____          _            __ _ _
 /\\ / ___'_ __ _ _(_)_ __  __ _ \ \ \ \
( ( )\___ | '_ | '_| | '_ \/ _` | \ \ \ \
 \\/  ___)| |_)| | | | | || (_| |  ) ) ) )
  '  |____| .__|_| |_|_| |_\__, | / / / /
 =========|_|==============|___/=/_/_/_/

 :: Spring Boot ::               (v3.5.11)

2026-09-08T17:05:37.257+02:00  INFO 7072 --- [organization-api] [    Test worker] org.testcontainers.images.PullPolicy     : Image pull policy will be performed by: DefaultPullPolicy()
2026-09-08T17:05:37.261+02:00  INFO 7072 --- [organization-api] [    Test worker] o.t.utility.ImageNameSubstitutor         : Image name substitution will be performed by: DefaultImageNameSubstitutor (composite of 'ConfigurationFileImageNameSubstitutor' and 'PrefixingImageNameSubstitutor')
2026-09-08T17:05:37.269+02:00  INFO 7072 --- [organization-api] [    Test worker] org.testcontainers.DockerClientFactory   : Testcontainers version: 1.21.4
2026-09-08T17:05:37.450+02:00  INFO 7072 --- [organization-api] [    Test worker] o.t.d.DockerClientProviderStrategy       : Loaded org.testcontainers.dockerclient.NpipeSocketClientProviderStrategy from ~/.testcontainers.properties, will try it first
2026-09-08T17:05:37.630+02:00  INFO 7072 --- [organization-api] [    Test worker] o.t.d.DockerClientProviderStrategy       : Found Docker environment with local Npipe socket (npipe:////./pipe/docker_engine)
2026-09-08T17:05:37.631+02:00  INFO 7072 --- [organization-api] [    Test worker] org.testcontainers.DockerClientFactory   : Docker host IP address is localhost
2026-09-08T17:05:37.648+02:00  INFO 7072 --- [organization-api] [    Test worker] org.testcontainers.DockerClientFactory   : Connected to docker: 
  Server Version: 29.7.2
  API Version: 1.55
  Operating System: Docker Desktop
  Total Memory: 31781 MB
  Labels: 
    com.docker.desktop.address=npipe://\\.\pipe\docker_cli
2026-09-08T17:05:38.855+02:00  INFO 7072 --- [organization-api] [    Test worker] tc.testcontainers/ryuk:0.12.0            : Creating container for image: testcontainers/ryuk:0.12.0
2026-09-08T17:05:39.084+02:00  INFO 7072 --- [organization-api] [    Test worker] tc.testcontainers/ryuk:0.12.0            : Container testcontainers/ryuk:0.12.0 is starting: 91891f11f5193e65dfbe43bc4b57f6515159d05dc67f792dd00bc7f40a1c98b9
2026-09-08T17:05:39.390+02:00  INFO 7072 --- [organization-api] [    Test worker] tc.testcontainers/ryuk:0.12.0            : Container testcontainers/ryuk:0.12.0 started in PT0.5351066S
2026-09-08T17:05:39.395+02:00  INFO 7072 --- [organization-api] [    Test worker] o.t.utility.RyukResourceReaper           : Ryuk started - will monitor and terminate Testcontainers containers on JVM exit
2026-09-08T17:05:39.395+02:00  INFO 7072 --- [organization-api] [    Test worker] org.testcontainers.DockerClientFactory   : Checking the system...
2026-09-08T17:05:39.395+02:00  INFO 7072 --- [organization-api] [    Test worker] org.testcontainers.DockerClientFactory   : ✔︎ Docker server version should be at least 1.6.0
2026-09-08T17:05:39.396+02:00  INFO 7072 --- [organization-api] [    Test worker] tc.postgres:17-alpine                    : Creating container for image: postgres:17-alpine
2026-09-08T17:05:39.484+02:00  INFO 7072 --- [organization-api] [    Test worker] tc.postgres:17-alpine                    : Container postgres:17-alpine is starting: 8b2943c16cc0e049a3837e86bf77278c8630d5ffc52c32b2cf9469216c99f9cc
2026-09-08T17:05:40.566+02:00  INFO 7072 --- [organization-api] [    Test worker] tc.postgres:17-alpine                    : Container postgres:17-alpine started in PT1.1702656S
2026-09-08T17:05:40.567+02:00  INFO 7072 --- [organization-api] [    Test worker] tc.postgres:17-alpine                    : Container is started (JDBC URL: jdbc:postgresql://localhost:25595/test?loggerLevel=OFF)
2026-09-08T17:05:40.570+02:00  INFO 7072 --- [organization-api] [    Test worker] c.a.o.a.ApiCredentialHttpPersistenceTest : Starting ApiCredentialHttpPersistenceTest using Java 25.0.1 with PID 7072 (started by vhurt in C:\Users\vhurt\Documents\Codex\2026-09-05\a-ver-necesito-o-me-gustar\work\OrganizacionWeb-integration-http\backend)
2026-09-08T17:05:40.570+02:00  INFO 7072 --- [organization-api] [    Test worker] c.a.o.a.ApiCredentialHttpPersistenceTest : No active profile set, falling back to 1 default profile: "default"
2026-09-08T17:05:41.264+02:00  INFO 7072 --- [organization-api] [    Test worker] com.zaxxer.hikari.HikariDataSource       : HikariPool-1 - Starting...
2026-09-08T17:05:41.383+02:00  INFO 7072 --- [organization-api] [    Test worker] com.zaxxer.hikari.pool.HikariPool        : HikariPool-1 - Added connection org.postgresql.jdbc.PgConnection@6da76bb1
2026-09-08T17:05:41.385+02:00  INFO 7072 --- [organization-api] [    Test worker] com.zaxxer.hikari.HikariDataSource       : HikariPool-1 - Start completed.
2026-09-08T17:05:41.412+02:00  INFO 7072 --- [organization-api] [    Test worker] org.flywaydb.core.FlywayExecutor         : Database: jdbc:postgresql://localhost:25595/test?loggerLevel=OFF (PostgreSQL 17.11)
2026-09-08T17:05:41.457+02:00  INFO 7072 --- [organization-api] [    Test worker] o.f.c.i.s.JdbcTableSchemaHistory         : Schema history table "public"."flyway_schema_history" does not exist yet
2026-09-08T17:05:41.461+02:00  INFO 7072 --- [organization-api] [    Test worker] o.f.core.internal.command.DbValidate     : Successfully validated 22 migrations (execution time 00:00.026s)
2026-09-08T17:05:41.473+02:00  INFO 7072 --- [organization-api] [    Test worker] o.f.c.i.s.JdbcTableSchemaHistory         : Creating Schema History table "public"."flyway_schema_history" ...
2026-09-08T17:05:41.506+02:00  INFO 7072 --- [organization-api] [    Test worker] o.f.core.internal.command.DbMigrate      : Current version of schema "public": << Empty Schema >>
2026-09-08T17:05:41.515+02:00  INFO 7072 --- [organization-api] [    Test worker] o.f.core.internal.command.DbMigrate      : Migrating schema "public" to version "1 - projects and outbox"
2026-09-08T17:05:41.544+02:00  INFO 7072 --- [organization-api] [    Test worker] o.f.core.internal.command.DbMigrate      : Migrating schema "public" to version "2 - outbox publication"
2026-09-08T17:05:41.561+02:00  INFO 7072 --- [organization-api] [    Test worker] o.f.core.internal.command.DbMigrate      : Migrating schema "public" to version "3 - project read index"
2026-09-08T17:05:41.575+02:00  INFO 7072 --- [organization-api] [    Test worker] o.f.core.internal.command.DbMigrate      : Migrating schema "public" to version "4 - project version"
2026-09-08T17:05:41.587+02:00  INFO 7072 --- [organization-api] [    Test worker] o.f.core.internal.command.DbMigrate      : Migrating schema "public" to version "5 - project states"
2026-09-08T17:05:41.602+02:00  INFO 7072 --- [organization-api] [    Test worker] o.f.core.internal.command.DbMigrate      : Migrating schema "public" to version "6 - jdbc sessions"
2026-09-08T17:05:41.622+02:00  INFO 7072 --- [organization-api] [    Test worker] o.f.core.internal.command.DbMigrate      : Migrating schema "public" to version "7 - tasks"
2026-09-08T17:05:41.640+02:00  INFO 7072 --- [organization-api] [    Test worker] o.f.core.internal.command.DbMigrate      : Migrating schema "public" to version "8 - task parent"
2026-09-08T17:05:41.656+02:00  INFO 7072 --- [organization-api] [    Test worker] o.f.core.internal.command.DbMigrate      : Migrating schema "public" to version "9 - task status history"
2026-09-08T17:05:41.674+02:00  INFO 7072 --- [organization-api] [    Test worker] o.f.core.internal.command.DbMigrate      : Migrating schema "public" to version "10 - availability preferences"
2026-09-08T17:05:41.690+02:00  INFO 7072 --- [organization-api] [    Test worker] o.f.core.internal.command.DbMigrate      : Migrating schema "public" to version "11 - planned blocks"
2026-09-08T17:05:41.704+02:00  INFO 7072 --- [organization-api] [    Test worker] o.f.core.internal.command.DbMigrate      : Migrating schema "public" to version "12 - block changes"
2026-09-08T17:05:41.720+02:00  INFO 7072 --- [organization-api] [    Test worker] o.f.core.internal.command.DbMigrate      : Migrating schema "public" to version "13 - block change integrity"
2026-09-08T17:05:41.742+02:00  INFO 7072 --- [organization-api] [    Test worker] o.f.core.internal.command.DbMigrate      : Migrating schema "public" to version "14 - work sessions"
2026-09-08T17:05:41.756+02:00  INFO 7072 --- [organization-api] [    Test worker] o.f.core.internal.command.DbMigrate      : Migrating schema "public" to version "15 - work session uniqueness"
2026-09-08T17:05:41.769+02:00  INFO 7072 --- [organization-api] [    Test worker] o.f.core.internal.command.DbMigrate      : Migrating schema "public" to version "16 - work session transitions"
2026-09-08T17:05:41.787+02:00  INFO 7072 --- [organization-api] [    Test worker] o.f.core.internal.command.DbMigrate      : Migrating schema "public" to version "17 - work session closure"
2026-09-08T17:05:41.798+02:00  INFO 7072 --- [organization-api] [    Test worker] o.f.core.internal.command.DbMigrate      : Migrating schema "public" to version "18 - work session end time"
2026-09-08T17:05:41.810+02:00  INFO 7072 --- [organization-api] [    Test worker] o.f.core.internal.command.DbMigrate      : Migrating schema "public" to version "19 - appearance preferences"
2026-09-08T17:05:41.822+02:00  INFO 7072 --- [organization-api] [    Test worker] o.f.core.internal.command.DbMigrate      : Migrating schema "public" to version "20 - customization"
2026-09-08T17:05:41.839+02:00  INFO 7072 --- [organization-api] [    Test worker] o.f.core.internal.command.DbMigrate      : Migrating schema "public" to version "21 - import receipts"
2026-09-08T17:05:41.849+02:00  INFO 7072 --- [organization-api] [    Test worker] o.f.core.internal.command.DbMigrate      : Migrating schema "public" to version "22 - api credentials"
2026-09-08T17:05:41.864+02:00  INFO 7072 --- [organization-api] [    Test worker] o.f.core.internal.command.DbMigrate      : Successfully applied 22 migrations to schema "public", now at version v22 (execution time 00:00.150s)
2026-09-08T17:05:42.047+02:00  INFO 7072 --- [organization-api] [    Test worker] r$InitializeUserDetailsManagerConfigurer : Global AuthenticationManager configured with UserDetailsService bean with name users
2026-09-08T17:05:42.466+02:00  INFO 7072 --- [organization-api] [    Test worker] o.s.b.t.m.w.SpringBootMockServletContext : Initializing Spring TestDispatcherServlet ''
2026-09-08T17:05:42.467+02:00  INFO 7072 --- [organization-api] [    Test worker] o.s.t.web.servlet.TestDispatcherServlet  : Initializing Servlet ''
2026-09-08T17:05:42.468+02:00  INFO 7072 --- [organization-api] [    Test worker] o.s.t.web.servlet.TestDispatcherServlet  : Completed initialization in 1 ms
2026-09-08T17:05:42.494+02:00  INFO 7072 --- [organization-api] [    Test worker] c.a.o.a.ApiCredentialHttpPersistenceTest : Started ApiCredentialHttpPersistenceTest in 5.294 seconds (process running for 12.251)
]]></system-out>
  <system-err><![CDATA[]]></system-err>
</testsuite>
