<?xml version="1.0" encoding="UTF-8"?>
<testsuite name="com.apptolast.organization.adapter.persistence.ApiCredentialWiringTest" tests="1" skipped="0" failures="0" errors="0" timestamp="2026-09-08T14:03:48.228Z" hostname="PABLOHGDEV87" time="5.687">
  <properties/>
  <testcase name="s1_realBeanCreatesDurableCredential()" classname="com.apptolast.organization.adapter.persistence.ApiCredentialWiringTest" time="0.033"/>
  <system-out><![CDATA[2026-09-08T16:03:48.231+02:00  INFO 36364 --- [organization-api] [    Test worker] t.c.s.AnnotationConfigContextLoaderUtils : Could not detect default configuration classes for test class [com.apptolast.organization.adapter.persistence.ApiCredentialWiringTest]: ApiCredentialWiringTest does not declare any static, non-private, non-final, nested classes annotated with @Configuration.
2026-09-08T16:03:48.322+02:00  INFO 36364 --- [organization-api] [    Test worker] .b.t.c.SpringBootTestContextBootstrapper : Found @SpringBootConfiguration com.apptolast.organization.OrganizationApplication for test class com.apptolast.organization.adapter.persistence.ApiCredentialWiringTest

  .   ____          _            __ _ _
 /\\ / ___'_ __ _ _(_)_ __  __ _ \ \ \ \
( ( )\___ | '_ | '_| | '_ \/ _` | \ \ \ \
 \\/  ___)| |_)| | | | | || (_| |  ) ) ) )
  '  |____| .__|_| |_|_| |_\__, | / / / /
 =========|_|==============|___/=/_/_/_/

 :: Spring Boot ::               (v3.5.11)

2026-09-08T16:03:48.416+02:00  INFO 36364 --- [organization-api] [    Test worker] org.testcontainers.images.PullPolicy     : Image pull policy will be performed by: DefaultPullPolicy()
2026-09-08T16:03:48.420+02:00  INFO 36364 --- [organization-api] [    Test worker] o.t.utility.ImageNameSubstitutor         : Image name substitution will be performed by: DefaultImageNameSubstitutor (composite of 'ConfigurationFileImageNameSubstitutor' and 'PrefixingImageNameSubstitutor')
2026-09-08T16:03:48.424+02:00  INFO 36364 --- [organization-api] [    Test worker] org.testcontainers.DockerClientFactory   : Testcontainers version: 1.21.4
2026-09-08T16:03:48.570+02:00  INFO 36364 --- [organization-api] [    Test worker] o.t.d.DockerClientProviderStrategy       : Loaded org.testcontainers.dockerclient.NpipeSocketClientProviderStrategy from ~/.testcontainers.properties, will try it first
2026-09-08T16:03:48.830+02:00  INFO 36364 --- [organization-api] [    Test worker] o.t.d.DockerClientProviderStrategy       : Found Docker environment with local Npipe socket (npipe:////./pipe/docker_engine)
2026-09-08T16:03:48.831+02:00  INFO 36364 --- [organization-api] [    Test worker] org.testcontainers.DockerClientFactory   : Docker host IP address is localhost
2026-09-08T16:03:48.849+02:00  INFO 36364 --- [organization-api] [    Test worker] org.testcontainers.DockerClientFactory   : Connected to docker: 
  Server Version: 29.7.2
  API Version: 1.55
  Operating System: Docker Desktop
  Total Memory: 31781 MB
  Labels: 
    com.docker.desktop.address=npipe://\\.\pipe\docker_cli
2026-09-08T16:03:50.060+02:00  INFO 36364 --- [organization-api] [    Test worker] tc.testcontainers/ryuk:0.12.0            : Creating container for image: testcontainers/ryuk:0.12.0
2026-09-08T16:03:50.326+02:00  INFO 36364 --- [organization-api] [    Test worker] tc.testcontainers/ryuk:0.12.0            : Container testcontainers/ryuk:0.12.0 is starting: 69a9cd05e3ccd100c4e6dea09107e6869d3ba5847dbdc4a269f979cfde44287c
2026-09-08T16:03:50.716+02:00  INFO 36364 --- [organization-api] [    Test worker] tc.testcontainers/ryuk:0.12.0            : Container testcontainers/ryuk:0.12.0 started in PT0.6564781S
2026-09-08T16:03:50.722+02:00  INFO 36364 --- [organization-api] [    Test worker] o.t.utility.RyukResourceReaper           : Ryuk started - will monitor and terminate Testcontainers containers on JVM exit
2026-09-08T16:03:50.723+02:00  INFO 36364 --- [organization-api] [    Test worker] org.testcontainers.DockerClientFactory   : Checking the system...
2026-09-08T16:03:50.723+02:00  INFO 36364 --- [organization-api] [    Test worker] org.testcontainers.DockerClientFactory   : ✔︎ Docker server version should be at least 1.6.0
2026-09-08T16:03:50.724+02:00  INFO 36364 --- [organization-api] [    Test worker] tc.postgres:17-alpine                    : Creating container for image: postgres:17-alpine
2026-09-08T16:03:50.806+02:00  INFO 36364 --- [organization-api] [    Test worker] tc.postgres:17-alpine                    : Container postgres:17-alpine is starting: 4cb8532d70c24f60b5adfef0b1a68023ae6d939fc925f60dd0612cc14a7e8a11
2026-09-08T16:03:51.893+02:00  INFO 36364 --- [organization-api] [    Test worker] tc.postgres:17-alpine                    : Container postgres:17-alpine started in PT1.1690068S
2026-09-08T16:03:51.894+02:00  INFO 36364 --- [organization-api] [    Test worker] tc.postgres:17-alpine                    : Container is started (JDBC URL: jdbc:postgresql://localhost:10904/test?loggerLevel=OFF)
2026-09-08T16:03:52.196+02:00  INFO 36364 --- [organization-api] [    Test worker] org.flywaydb.core.FlywayExecutor         : Database: jdbc:postgresql://localhost:10904/test?loggerLevel=OFF (PostgreSQL 17.11)
2026-09-08T16:03:52.251+02:00  INFO 36364 --- [organization-api] [    Test worker] o.f.c.i.s.JdbcTableSchemaHistory         : Schema history table "public"."flyway_schema_history" does not exist yet
2026-09-08T16:03:52.255+02:00  INFO 36364 --- [organization-api] [    Test worker] o.f.core.internal.command.DbValidate     : Successfully validated 22 migrations (execution time 00:00.028s)
2026-09-08T16:03:52.269+02:00  INFO 36364 --- [organization-api] [    Test worker] o.f.c.i.s.JdbcTableSchemaHistory         : Creating Schema History table "public"."flyway_schema_history" ...
2026-09-08T16:03:52.312+02:00  INFO 36364 --- [organization-api] [    Test worker] o.f.core.internal.command.DbMigrate      : Current version of schema "public": << Empty Schema >>
2026-09-08T16:03:52.321+02:00  INFO 36364 --- [organization-api] [    Test worker] o.f.core.internal.command.DbMigrate      : Migrating schema "public" to version "1 - projects and outbox"
2026-09-08T16:03:52.350+02:00  INFO 36364 --- [organization-api] [    Test worker] o.f.core.internal.command.DbMigrate      : Migrating schema "public" to version "2 - outbox publication"
2026-09-08T16:03:52.366+02:00  INFO 36364 --- [organization-api] [    Test worker] o.f.core.internal.command.DbMigrate      : Migrating schema "public" to version "3 - project read index"
2026-09-08T16:03:52.380+02:00  INFO 36364 --- [organization-api] [    Test worker] o.f.core.internal.command.DbMigrate      : Migrating schema "public" to version "4 - project version"
2026-09-08T16:03:52.393+02:00  INFO 36364 --- [organization-api] [    Test worker] o.f.core.internal.command.DbMigrate      : Migrating schema "public" to version "5 - project states"
2026-09-08T16:03:52.407+02:00  INFO 36364 --- [organization-api] [    Test worker] o.f.core.internal.command.DbMigrate      : Migrating schema "public" to version "6 - jdbc sessions"
2026-09-08T16:03:52.426+02:00  INFO 36364 --- [organization-api] [    Test worker] o.f.core.internal.command.DbMigrate      : Migrating schema "public" to version "7 - tasks"
2026-09-08T16:03:52.441+02:00  INFO 36364 --- [organization-api] [    Test worker] o.f.core.internal.command.DbMigrate      : Migrating schema "public" to version "8 - task parent"
2026-09-08T16:03:52.458+02:00  INFO 36364 --- [organization-api] [    Test worker] o.f.core.internal.command.DbMigrate      : Migrating schema "public" to version "9 - task status history"
2026-09-08T16:03:52.474+02:00  INFO 36364 --- [organization-api] [    Test worker] o.f.core.internal.command.DbMigrate      : Migrating schema "public" to version "10 - availability preferences"
2026-09-08T16:03:52.491+02:00  INFO 36364 --- [organization-api] [    Test worker] o.f.core.internal.command.DbMigrate      : Migrating schema "public" to version "11 - planned blocks"
2026-09-08T16:03:52.505+02:00  INFO 36364 --- [organization-api] [    Test worker] o.f.core.internal.command.DbMigrate      : Migrating schema "public" to version "12 - block changes"
2026-09-08T16:03:52.523+02:00  INFO 36364 --- [organization-api] [    Test worker] o.f.core.internal.command.DbMigrate      : Migrating schema "public" to version "13 - block change integrity"
2026-09-08T16:03:52.545+02:00  INFO 36364 --- [organization-api] [    Test worker] o.f.core.internal.command.DbMigrate      : Migrating schema "public" to version "14 - work sessions"
2026-09-08T16:03:52.560+02:00  INFO 36364 --- [organization-api] [    Test worker] o.f.core.internal.command.DbMigrate      : Migrating schema "public" to version "15 - work session uniqueness"
2026-09-08T16:03:52.575+02:00  INFO 36364 --- [organization-api] [    Test worker] o.f.core.internal.command.DbMigrate      : Migrating schema "public" to version "16 - work session transitions"
2026-09-08T16:03:52.594+02:00  INFO 36364 --- [organization-api] [    Test worker] o.f.core.internal.command.DbMigrate      : Migrating schema "public" to version "17 - work session closure"
2026-09-08T16:03:52.606+02:00  INFO 36364 --- [organization-api] [    Test worker] o.f.core.internal.command.DbMigrate      : Migrating schema "public" to version "18 - work session end time"
2026-09-08T16:03:52.619+02:00  INFO 36364 --- [organization-api] [    Test worker] o.f.core.internal.command.DbMigrate      : Migrating schema "public" to version "19 - appearance preferences"
2026-09-08T16:03:52.654+02:00  INFO 36364 --- [organization-api] [    Test worker] o.f.core.internal.command.DbMigrate      : Migrating schema "public" to version "20 - customization"
2026-09-08T16:03:52.678+02:00  INFO 36364 --- [organization-api] [    Test worker] o.f.core.internal.command.DbMigrate      : Migrating schema "public" to version "21 - import receipts"
2026-09-08T16:03:52.693+02:00  INFO 36364 --- [organization-api] [    Test worker] o.f.core.internal.command.DbMigrate      : Migrating schema "public" to version "22 - api credentials"
2026-09-08T16:03:52.708+02:00  INFO 36364 --- [organization-api] [    Test worker] o.f.core.internal.command.DbMigrate      : Successfully applied 22 migrations to schema "public", now at version v22 (execution time 00:00.153s)
2026-09-08T16:03:52.723+02:00  INFO 36364 --- [organization-api] [    Test worker] c.a.o.a.p.ApiCredentialWiringTest        : Starting ApiCredentialWiringTest using Java 25.0.1 with PID 36364 (started by vhurt in C:\Users\vhurt\Documents\Codex\2026-09-05\a-ver-necesito-o-me-gustar\work\OrganizacionWeb-integration-http\backend)
2026-09-08T16:03:52.723+02:00  INFO 36364 --- [organization-api] [    Test worker] c.a.o.a.p.ApiCredentialWiringTest        : No active profile set, falling back to 1 default profile: "default"
2026-09-08T16:03:53.335+02:00  INFO 36364 --- [organization-api] [    Test worker] com.zaxxer.hikari.HikariDataSource       : HikariPool-1 - Starting...
2026-09-08T16:03:53.357+02:00  INFO 36364 --- [organization-api] [    Test worker] com.zaxxer.hikari.pool.HikariPool        : HikariPool-1 - Added connection org.postgresql.jdbc.PgConnection@3a70acd5
2026-09-08T16:03:53.359+02:00  INFO 36364 --- [organization-api] [    Test worker] com.zaxxer.hikari.HikariDataSource       : HikariPool-1 - Start completed.
2026-09-08T16:03:53.371+02:00  INFO 36364 --- [organization-api] [    Test worker] org.flywaydb.core.FlywayExecutor         : Database: jdbc:postgresql://localhost:10904/test?loggerLevel=OFF (PostgreSQL 17.11)
2026-09-08T16:03:53.399+02:00  INFO 36364 --- [organization-api] [    Test worker] o.f.core.internal.command.DbValidate     : Successfully validated 22 migrations (execution time 00:00.017s)
2026-09-08T16:03:53.415+02:00  INFO 36364 --- [organization-api] [    Test worker] o.f.core.internal.command.DbMigrate      : Current version of schema "public": 22
2026-09-08T16:03:53.416+02:00  INFO 36364 --- [organization-api] [    Test worker] o.f.core.internal.command.DbMigrate      : Schema "public" is up to date. No migration necessary.
2026-09-08T16:03:53.638+02:00  INFO 36364 --- [organization-api] [    Test worker] r$InitializeUserDetailsManagerConfigurer : Global AuthenticationManager configured with UserDetailsService bean with name users
2026-09-08T16:03:53.881+02:00  INFO 36364 --- [organization-api] [    Test worker] c.a.o.a.p.ApiCredentialWiringTest        : Started ApiCredentialWiringTest in 5.551 seconds (process running for 9.794)
]]></system-out>
  <system-err><![CDATA[]]></system-err>
</testsuite>
