<?xml version="1.0" encoding="UTF-8"?>
<testsuite name="com.apptolast.organization.adapter.ApiCredentialApiTest" tests="52" skipped="0" failures="0" errors="0" timestamp="2026-09-08T14:49:56.939Z" hostname="PABLOHGDEV87" time="2.815">
  <properties/>
  <testcase name="[1] method=PUT, path=/api/v1/me/api-credentials, allow=GET" classname="com.apptolast.organization.adapter.ApiCredentialApiTest" time="0.102"/>
  <testcase name="[2] method=GET, path=/api/v1/me/api-credentials/ac87ee68-133b-4851-82e7-e3ec419df62a/revocation, allow=PUT" classname="com.apptolast.organization.adapter.ApiCredentialApiTest" time="0.004"/>
  <testcase name="[3] method=HEAD, path=/api/v1/me/api-credentials/ac87ee68-133b-4851-82e7-e3ec419df62a/revocation, allow=PUT" classname="com.apptolast.organization.adapter.ApiCredentialApiTest" time="0.003"/>
  <testcase name="s15_revocationReturnsCommittedMetadataWithoutAnEtagOrSecret()" classname="com.apptolast.organization.adapter.ApiCredentialApiTest" time="0.086"/>
  <testcase name="[1] authenticated=false, token=true, origin=https://organization.example, expected=401, code=UNAUTHENTICATED" classname="com.apptolast.organization.adapter.ApiCredentialApiTest" time="0.012"/>
  <testcase name="[2] authenticated=true, token=false, origin=https://organization.example, expected=403, code=CSRF_INVALID" classname="com.apptolast.organization.adapter.ApiCredentialApiTest" time="0.005"/>
  <testcase name="[3] authenticated=true, token=true, origin=https://foreign.example, expected=403, code=UNTRUSTED_ORIGIN" classname="com.apptolast.organization.adapter.ApiCredentialApiTest" time="0.002"/>
  <testcase name="[1] operation=list, expected=503, code=STORAGE_UNAVAILABLE" classname="com.apptolast.organization.adapter.ApiCredentialApiTest" time="0.014"/>
  <testcase name="[2] operation=find, expected=503, code=STORAGE_UNAVAILABLE" classname="com.apptolast.organization.adapter.ApiCredentialApiTest" time="0.004"/>
  <testcase name="[3] operation=revoke, expected=503, code=STORAGE_UNAVAILABLE" classname="com.apptolast.organization.adapter.ApiCredentialApiTest" time="0.004"/>
  <testcase name="[4] operation=absent, expected=404, code=API_CREDENTIAL_NOT_FOUND" classname="com.apptolast.organization.adapter.ApiCredentialApiTest" time="0.005"/>
  <testcase name="[1] method=POST, path=/api/v1/me/api-credentials" classname="com.apptolast.organization.adapter.ApiCredentialApiTest" time="0.005"/>
  <testcase name="[2] method=POST, path=/api/v1/me/api-credentials/ac87ee68-133b-4851-82e7-e3ec419df62a" classname="com.apptolast.organization.adapter.ApiCredentialApiTest" time="0.004"/>
  <testcase name="[3] method=POST, path=/api/v1/me/api-credentials/ac87ee68-133b-4851-82e7-e3ec419df62a/revocation" classname="com.apptolast.organization.adapter.ApiCredentialApiTest" time="0.004"/>
  <testcase name="[4] method=PATCH, path=/api/v1/me/api-credentials/ac87ee68-133b-4851-82e7-e3ec419df62a" classname="com.apptolast.organization.adapter.ApiCredentialApiTest" time="0.003"/>
  <testcase name="[5] method=DELETE, path=/api/v1/me/api-credentials/ac87ee68-133b-4851-82e7-e3ec419df62a" classname="com.apptolast.organization.adapter.ApiCredentialApiTest" time="0.005"/>
  <testcase name="[1] kind=invalid, status=400, code=API_CREDENTIAL_INVALID" classname="com.apptolast.organization.adapter.ApiCredentialApiTest" time="0.026"/>
  <testcase name="[2] kind=conflict, status=409, code=API_CREDENTIAL_CONFLICT" classname="com.apptolast.organization.adapter.ApiCredentialApiTest" time="0.006"/>
  <testcase name="[3] kind=limit, status=409, code=API_CREDENTIAL_LIMIT" classname="com.apptolast.organization.adapter.ApiCredentialApiTest" time="0.006"/>
  <testcase name="[4] kind=storage, status=503, code=STORAGE_UNAVAILABLE" classname="com.apptolast.organization.adapter.ApiCredentialApiTest" time="0.003"/>
  <testcase name="s14_queryCannotSelectAnotherOwner()" classname="com.apptolast.organization.adapter.ApiCredentialApiTest" time="0.004"/>
  <testcase name="[1] body={&quot;name&quot;:&quot;A&quot;,&quot;scopes&quot;:[&quot;projects:read&quot;],&quot;expiresInDays&quot;:7,&quot;owner&quot;:&quot;another&quot;}" classname="com.apptolast.organization.adapter.ApiCredentialApiTest" time="0.005"/>
  <testcase name="[2] body={&quot;name&quot;:&quot;A&quot;,&quot;name&quot;:&quot;B&quot;,&quot;scopes&quot;:[&quot;projects:read&quot;],&quot;expiresInDays&quot;:7}" classname="com.apptolast.organization.adapter.ApiCredentialApiTest" time="0.004"/>
  <testcase name="[3] body={&quot;name&quot;:&quot;A&quot;,&quot;scopes&quot;:[&quot;projects:read&quot;],&quot;expiresInDays&quot;:7} {}" classname="com.apptolast.organization.adapter.ApiCredentialApiTest" time="0.004"/>
  <testcase name="[1] body=null" classname="com.apptolast.organization.adapter.ApiCredentialApiTest" time="0.003"/>
  <testcase name="[2] body={}" classname="com.apptolast.organization.adapter.ApiCredentialApiTest" time="0.003"/>
  <testcase name="[3] body={&quot;name&quot;:32,&quot;scopes&quot;:[&quot;projects:read&quot;],&quot;expiresInDays&quot;:7}" classname="com.apptolast.organization.adapter.ApiCredentialApiTest" time="0.003"/>
  <testcase name="[4] body={&quot;name&quot;:&quot;A&quot;,&quot;scopes&quot;:[1],&quot;expiresInDays&quot;:7}" classname="com.apptolast.organization.adapter.ApiCredentialApiTest" time="0.003"/>
  <testcase name="[5] body={&quot;name&quot;:&quot;A&quot;,&quot;scopes&quot;:[&quot;projects:read&quot;],&quot;expiresInDays&quot;:&quot;7&quot;}" classname="com.apptolast.organization.adapter.ApiCredentialApiTest" time="0.004"/>
  <testcase name="[6] body={&quot;name&quot;:&quot;A&quot;,&quot;scopes&quot;:[&quot;projects:read&quot;],&quot;expiresInDays&quot;:7.5}" classname="com.apptolast.organization.adapter.ApiCredentialApiTest" time="0.007"/>
  <testcase name="[1] method=GET, id=AC87EE68-133B-4851-82E7-E3EC419DF62A" classname="com.apptolast.organization.adapter.ApiCredentialApiTest" time="0.004"/>
  <testcase name="[2] method=PUT, id=1-1-1-1-1" classname="com.apptolast.organization.adapter.ApiCredentialApiTest" time="0.003"/>
  <testcase name="[3] method=GET, id=invalid" classname="com.apptolast.organization.adapter.ApiCredentialApiTest" time="0.003"/>
  <testcase name="[1] method=GET, path=/api/v1/me/api-credentials, body=true" classname="com.apptolast.organization.adapter.ApiCredentialApiTest" time="0.005"/>
  <testcase name="[2] method=GET, path=/api/v1/me/api-credentials/ac87ee68-133b-4851-82e7-e3ec419df62a, body=true" classname="com.apptolast.organization.adapter.ApiCredentialApiTest" time="0.006"/>
  <testcase name="[3] method=PUT, path=/api/v1/me/api-credentials/ac87ee68-133b-4851-82e7-e3ec419df62a/revocation, body=true" classname="com.apptolast.organization.adapter.ApiCredentialApiTest" time="0.006"/>
  <testcase name="[4] method=GET, path=/api/v1/me/api-credentials?owner=other, body=false" classname="com.apptolast.organization.adapter.ApiCredentialApiTest" time="0.004"/>
  <testcase name="[5] method=GET, path=/api/v1/me/api-credentials?cursor=one&amp;cursor=two, body=false" classname="com.apptolast.organization.adapter.ApiCredentialApiTest" time="0.002"/>
  <testcase name="[6] method=GET, path=/api/v1/me/api-credentials/ac87ee68-133b-4851-82e7-e3ec419df62a?cursor=one, body=false" classname="com.apptolast.organization.adapter.ApiCredentialApiTest" time="0.012"/>
  <testcase name="[7] method=PUT, path=/api/v1/me/api-credentials/ac87ee68-133b-4851-82e7-e3ec419df62a/revocation?extra=one, body=false" classname="com.apptolast.organization.adapter.ApiCredentialApiTest" time="0.003"/>
  <testcase name="s12_absentOrForeignResultUsesPrivate404()" classname="com.apptolast.organization.adapter.ApiCredentialApiTest" time="0.003"/>
  <testcase name="s13_listingPreservesPageAndOpaqueCursorWithoutPerItemQueries()" classname="com.apptolast.organization.adapter.ApiCredentialApiTest" time="0.006"/>
  <testcase name="s1_incompatibleAcceptDoesNotCreateCredential()" classname="com.apptolast.organization.adapter.ApiCredentialApiTest" time="0.006"/>
  <testcase name="[1] id=AC87EE68-133B-4851-82E7-E3EC419DF62A" classname="com.apptolast.organization.adapter.ApiCredentialApiTest" time="0.003"/>
  <testcase name="[2] id=1-1-1-1-1" classname="com.apptolast.organization.adapter.ApiCredentialApiTest" time="0.002"/>
  <testcase name="[3] id=invalid" classname="com.apptolast.organization.adapter.ApiCredentialApiTest" time="0.002"/>
  <testcase name="s4_exact4096BytesRemainAccepted()" classname="com.apptolast.organization.adapter.ApiCredentialApiTest" time="0.005"/>
  <testcase name="s1_firstCommittedCreationReturnsLocationAndSecret()" classname="com.apptolast.organization.adapter.ApiCredentialApiTest" time="0.006"/>
  <testcase name="s12_ownCredentialReadReturnsOnlyMetadata()" classname="com.apptolast.organization.adapter.ApiCredentialApiTest" time="0.004"/>
  <testcase name="s4_invalidStructureIncludesSafeFieldError()" classname="com.apptolast.organization.adapter.ApiCredentialApiTest" time="0.003"/>
  <testcase name="s9_confirmedReplayReturns200WithoutSecret()" classname="com.apptolast.organization.adapter.ApiCredentialApiTest" time="0.007"/>
  <testcase name="s4_4097BytesRejectBeforeCallingCreation()" classname="com.apptolast.organization.adapter.ApiCredentialApiTest" time="0.005"/>
  <system-out><![CDATA[16:49:56.998 [Test worker] INFO org.springframework.test.context.support.AnnotationConfigContextLoaderUtils -- Could not detect default configuration classes for test class [com.apptolast.organization.adapter.ApiCredentialApiTest]: ApiCredentialApiTest does not declare any static, non-private, non-final, nested classes annotated with @Configuration.
16:49:57.134 [Test worker] INFO org.springframework.boot.test.context.SpringBootTestContextBootstrapper -- Found @SpringBootConfiguration com.apptolast.organization.OrganizationApplication for test class com.apptolast.organization.adapter.ApiCredentialApiTest

  .   ____          _            __ _ _
 /\\ / ___'_ __ _ _(_)_ __  __ _ \ \ \ \
( ( )\___ | '_ | '_| | '_ \/ _` | \ \ \ \
 \\/  ___)| |_)| | | | | || (_| |  ) ) ) )
  '  |____| .__|_| |_|_| |_\__, | / / / /
 =========|_|==============|___/=/_/_/_/

 :: Spring Boot ::               (v3.5.11)

2026-09-08T16:49:57.490+02:00  INFO 41208 --- [organization-api] [    Test worker] c.a.o.adapter.ApiCredentialApiTest       : Starting ApiCredentialApiTest using Java 25.0.1 with PID 41208 (started by vhurt in C:\Users\vhurt\Documents\Codex\2026-09-05\a-ver-necesito-o-me-gustar\work\OrganizacionWeb-integration-http\backend)
2026-09-08T16:49:57.491+02:00  INFO 41208 --- [organization-api] [    Test worker] c.a.o.adapter.ApiCredentialApiTest       : No active profile set, falling back to 1 default profile: "default"
2026-09-08T16:49:58.938+02:00  INFO 41208 --- [organization-api] [    Test worker] r$InitializeUserDetailsManagerConfigurer : Global AuthenticationManager configured with UserDetailsService bean with name users
2026-09-08T16:49:59.225+02:00  INFO 41208 --- [organization-api] [    Test worker] o.s.b.t.m.w.SpringBootMockServletContext : Initializing Spring TestDispatcherServlet ''
2026-09-08T16:49:59.225+02:00  INFO 41208 --- [organization-api] [    Test worker] o.s.t.web.servlet.TestDispatcherServlet  : Initializing Servlet ''
2026-09-08T16:49:59.227+02:00  INFO 41208 --- [organization-api] [    Test worker] o.s.t.web.servlet.TestDispatcherServlet  : Completed initialization in 1 ms
2026-09-08T16:49:59.241+02:00  INFO 41208 --- [organization-api] [    Test worker] c.a.o.adapter.ApiCredentialApiTest       : Started ApiCredentialApiTest in 2.027 seconds (process running for 4.63)
]]></system-out>
  <system-err><![CDATA[Mockito is currently self-attaching to enable the inline-mock-maker. This will no longer work in future releases of the JDK. Please add Mockito as an agent to your build as described in Mockito's documentation: https://javadoc.io/doc/org.mockito/mockito-core/latest/org.mockito/org/mockito/Mockito.html#0.3
WARNING: A Java agent has been loaded dynamically (C:\Users\vhurt\.gradle\caches\modules-2\files-2.1\net.bytebuddy\byte-buddy-agent\1.17.8\f09415827a71be7ed621c7bd02550678f28bc81c\byte-buddy-agent-1.17.8.jar)
WARNING: If a serviceability tool is in use, please run with -XX:+EnableDynamicAgentLoading to hide this warning
WARNING: If a serviceability tool is not in use, please run with -Djdk.instrument.traceUsage for more information
WARNING: Dynamic loading of agents will be disallowed by default in a future release
]]></system-err>
</testsuite>
